<?xml version="1.0" encoding="utf-8"?><testsuites><testsuite name="pytest" errors="0" failures="0" skipped="0" tests="8" time="0.113" timestamp="2024-10-18T13:47:43.189639+03:00" hostname="XSENA"><testcase classname="tests_pytest" name="test_positive_discriminant" time="0.002" /><testcase classname="tests_pytest" name="test_zero_discriminant" time="0.001" /><testcase classname="tests_pytest" name="test_negative_discriminant" time="0.001" /><testcase classname="tests_pytest" name="test_wrong_type_parameters" time="0.001" /><testcase classname="tests_pytest" name="test_a_equals_zero" time="0.001" /><testcase classname="tests_pytest" name="test_b_equals_zero_c_greater_zero" time="0.001" /><testcase classname="tests_pytest" name="test_less_number_of_parameters" time="0.001" /><testcase classname="tests_pytest" name="test_more_number_of_parameters" time="0.001" /></testsuite></testsuites>